
> client-portal@0.1.0 dev
> next dev

⚠ Port 3000 is in use by process 23814, using available port 3001 instead.
⚠ Warning: Next.js inferred your workspace root, but it may not be correct.
 We detected multiple lockfiles and selected the directory of /Users/christopherjerome/package-lock.json as the root directory.
 To silence this warning, set `turbopack.root` in your Next.js config, or consider removing one of the lockfiles if it's not needed.
   See https://nextjs.org/docs/app/api-reference/config/next-config-js/turbopack#root-directory for more information.
 Detected additional lockfiles: 
   * /Users/christopherjerome/yeng/client-yeng/package-lock.json

▲ Next.js 16.1.6 (Turbopack)
- Local:         http://localhost:3001
- Network:       http://172.20.10.10:3001
- Environments: .env.local

✓ Starting...
✓ Ready in 782ms
 GET /dashboard 200 in 2.2s (compile: 1923ms, render: 277ms)
 GET /login 200 in 558ms (compile: 480ms, render: 78ms)
 GET / 200 in 112ms (compile: 34ms, render: 78ms)
 GET /login 200 in 33ms (compile: 11ms, render: 22ms)
 GET /dashboard 200 in 26ms (compile: 7ms, render: 19ms)
 GET /register 200 in 307ms (compile: 278ms, render: 29ms)
 GET /login 200 in 67ms (compile: 32ms, render: 34ms)
 GET /dashboard 200 in 19ms (compile: 5ms, render: 14ms)
 GET /parcels/4668b8ec-62a3-4d29-ac34-ae06ebaaabb1 200 in 1180ms (compile: 1156ms, render: 25ms)
 GET /parcels 200 in 524ms (compile: 487ms, render: 37ms)
 GET /parcels/4668b8ec-62a3-4d29-ac34-ae06ebaaabb1 200 in 30ms (compile: 13ms, render: 17ms)
 GET /parcels 200 in 27ms (compile: 8ms, render: 18ms)
 GET /parcels 200 in 72ms (compile: 4ms, render: 68ms)
 GET /parcels 200 in 42ms (compile: 5ms, render: 37ms)
 GET /apple-touch-icon.png 404 in 438ms (compile: 366ms, render: 72ms)
 GET /apple-touch-icon-precomposed.png 404 in 445ms (compile: 389ms, render: 56ms)
✓ Compiled in 211ms
 GET /login 200 in 102ms (compile: 37ms, render: 64ms)

> client-portal@0.1.0 dev
> next dev

[?25h
⚠ Port 3000 is in use by process 23814, using available port 3001 instead.
⚠ Warning: Next.js inferred your workspace root, but it may not be correct.
 We detected multiple lockfiles and selected the directory of /Users/christopherjerome/package-lock.json as the root directory.
 To silence this warning, set `turbopack.root` in your Next.js config, or consider removing one of the lockfiles if it's not needed.
   See https://nextjs.org/docs/app/api-reference/config/next-config-js/turbopack#root-directory for more information.
 Detected additional lockfiles: 
   * /Users/christopherjerome/yeng/client-yeng/package-lock.json

▲ Next.js 16.1.6 (Turbopack)
- Local:         http://localhost:3001
- Network:       http://172.20.10.10:3001
- Environments: .env.local

✓ Starting...
✓ Ready in 761ms
○ Compiling /parcels ...
 GET /login 200 in 4.0s (compile: 3.0s, render: 1024ms)
 GET /parcels 200 in 4.1s (compile: 3.9s, render: 153ms)
 GET /login 200 in 229ms (compile: 29ms, render: 200ms)
 GET /dashboard 200 in 132ms (compile: 108ms, render: 24ms)
 GET /apple-touch-icon-precomposed.png 404 in 164ms (compile: 111ms, render: 54ms)
 GET /apple-touch-icon.png 404 in 158ms (compile: 84ms, render: 74ms)
 GET /dashboard 200 in 87ms (compile: 32ms, render: 56ms)
 GET /login 200 in 23ms (compile: 5ms, render: 18ms)
 GET /dashboard 200 in 19ms (compile: 5ms, render: 13ms)

> client-portal@0.1.0 dev
> next dev

[?25h
⚠ Port 3000 is in use by process 23814, using available port 3001 instead.
⚠ Warning: Next.js inferred your workspace root, but it may not be correct.
 We detected multiple lockfiles and selected the directory of /Users/christopherjerome/package-lock.json as the root directory.
 To silence this warning, set `turbopack.root` in your Next.js config, or consider removing one of the lockfiles if it's not needed.
   See https://nextjs.org/docs/app/api-reference/config/next-config-js/turbopack#root-directory for more information.
 Detected additional lockfiles: 
   * /Users/christopherjerome/yeng/client-yeng/package-lock.json

▲ Next.js 16.1.6 (Turbopack)
- Local:         http://localhost:3001
- Network:       http://172.20.10.10:3001
- Environments: .env.local

✓ Starting...
✓ Ready in 818ms
 GET /login 200 in 2.1s (compile: 1424ms, render: 639ms)
 GET /dashboard 200 in 2.1s (compile: 1949ms, render: 178ms)
 GET /login 200 in 124ms (compile: 17ms, render: 107ms)
 GET /dashboard 200 in 30ms (compile: 11ms, render: 19ms)
 GET /parcels 200 in 178ms (compile: 103ms, render: 75ms)
 GET /login 200 in 64ms (compile: 12ms, render: 53ms)
 GET /dashboard 200 in 17ms (compile: 4ms, render: 14ms)
 GET /login 200 in 47ms (compile: 16ms, render: 31ms)
 GET / 200 in 54ms (compile: 36ms, render: 18ms)
 GET /track 200 in 1273ms (compile: 953ms, render: 320ms)
 GET /parcels 200 in 34ms (compile: 14ms, render: 21ms)
 GET /dashboard 200 in 20ms (compile: 5ms, render: 15ms)
 GET / 200 in 62ms (compile: 26ms, render: 36ms)
✓ Compiled in 1977ms
 GET / 200 in 173ms (compile: 85ms, render: 88ms)
 GET / 200 in 44ms (compile: 1664µs, render: 42ms)
 GET / 200 in 45ms (compile: 1870µs, render: 43ms)
 GET / 200 in 30ms (compile: 1291µs, render: 28ms)
 GET / 200 in 17ms (compile: 2ms, render: 14ms)

> client-portal@0.1.0 dev
> next dev

[?25h
⚠ Port 3000 is in use by process 23814, using available port 3001 instead.
⚠ Warning: Next.js inferred your workspace root, but it may not be correct.
 We detected multiple lockfiles and selected the directory of /Users/christopherjerome/package-lock.json as the root directory.
 To silence this warning, set `turbopack.root` in your Next.js config, or consider removing one of the lockfiles if it's not needed.
   See https://nextjs.org/docs/app/api-reference/config/next-config-js/turbopack#root-directory for more information.
 Detected additional lockfiles: 
   * /Users/christopherjerome/yeng/client-yeng/package-lock.json

▲ Next.js 16.1.6 (Turbopack)
- Local:         http://localhost:3001
- Network:       http://172.20.10.10:3001
- Environments: .env.local

✓ Starting...
✓ Ready in 797ms
 GET / 200 in 2.4s (compile: 2.1s, render: 320ms)
 GET /track 200 in 153ms (compile: 115ms, render: 38ms)
 GET /dashboard 200 in 274ms (compile: 134ms, render: 141ms)
 GET /dashboard 200 in 281ms (compile: 176ms, render: 105ms)
 GET /dashboard 200 in 270ms (compile: 199ms, render: 71ms)
 GET /dashboard 200 in 275ms (compile: 254ms, render: 21ms)
 GET /dashboard 200 in 274ms (compile: 226ms, render: 48ms)
 GET /dashboard 200 in 56ms (compile: 5ms, render: 51ms)
 GET /login 200 in 72ms (compile: 55ms, render: 17ms)
 GET /dashboard 200 in 20ms (compile: 6ms, render: 14ms)
 GET /parcels/48ac50c2-468f-47f3-9a05-bd7bf6bdc432 200 in 614ms (compile: 592ms, render: 22ms)
 GET /login 200 in 210ms (compile: 54ms, render: 156ms)
 GET / 200 in 107ms (compile: 19ms, render: 88ms)
 GET /login 200 in 25ms (compile: 7ms, render: 18ms)
✓ Compiled in 5.5s
 GET /dashboard 200 in 47ms (compile: 15ms, render: 31ms)
✓ Compiled in 318ms
✓ Compiled in 585ms
✓ Compiled in 0ms
 GET /dashboard 200 in 3.6s (compile: 2.5s, render: 1080ms)
 GET /track 200 in 6.5s (compile: 999ms, render: 5.5s)
 GET /dashboard 200 in 3.6s (compile: 15ms, render: 3.6s)
 GET /parcels/48ac50c2-468f-47f3-9a05-bd7bf6bdc432 200 in 3.3s (compile: 114ms, render: 3.2s)
 GET /login 200 in 362ms (compile: 31ms, render: 332ms)
✓ Compiled in 236ms
⚠ Fast Refresh had to perform a full reload due to a runtime error.
✓ Compiled in 203ms
 GET /track 200 in 713ms (compile: 168ms, render: 545ms)
✓ Compiled in 105ms
✓ Compiled in 210ms
 GET / 200 in 298ms (compile: 211ms, render: 87ms)
✓ Compiled in 564ms
✓ Compiled in 1147ms
 GET /dashboard 200 in 580ms (compile: 456ms, render: 124ms)
✓ Compiled in 673ms
✓ Compiled in 233ms
 GET /track 200 in 407ms (compile: 235ms, render: 172ms)
 GET /track 200 in 113ms (compile: 3ms, render: 109ms)
 GET /track 200 in 113ms (compile: 6ms, render: 107ms)
 GET /track 200 in 67ms (compile: 8ms, render: 59ms)
 GET /track 200 in 37ms (compile: 4ms, render: 33ms)
